<?xml version="1.0" encoding="UTF-8"?>
<!-- Generated by org.testng.reporters.JUnitReportReporter -->
<testsuite hostname="DIKSHANT" failures="0" tests="1" name="Axis.a.SoftAssertEg" time="23.148" errors="0" timestamp="2024-02-27T09:52:20 IST" skipped="0">
  <testcase classname="Axis.a.SoftAssertEg" name="testsoftassert" time="23.148"/>
  <system-out/>
</testsuite> <!-- Axis.a.SoftAssertEg -->
