<?xml version="1.0" encoding="UTF-8"?>
<!-- Generated by org.testng.reporters.JUnitReportReporter -->
<testsuite hostname="DIKSHANT" failures="0" tests="1" name="Axis.a.NewTest" time="0.018" errors="0" timestamp="2024-02-27T11:42:17 IST" skipped="0">
  <testcase classname="Axis.a.NewTest" name="testcase1testng" time="0.018"/>
  <system-out/>
</testsuite> <!-- Axis.a.NewTest -->
