<?xml version="1.0" encoding="UTF-8"?>
<!-- Generated by org.testng.reporters.JUnitReportReporter -->
<testsuite hostname="DIKSHANT" failures="0" tests="1" name="Axis.a.ListenerTestClass" time="18.105" errors="0" timestamp="2024-02-27T11:38:00 IST" skipped="0">
  <testcase classname="Axis.a.ListenerTestClass" name="invokechrome" time="18.105"/>
  <system-out/>
</testsuite> <!-- Axis.a.ListenerTestClass -->
