<?xml version="1.0" encoding="UTF-8"?>
<!-- Generated by org.testng.reporters.JUnitReportReporter -->
<testsuite hostname="DIKSHANT" failures="0" tests="4" name="Axis.a.AnnotationsEg" time="0.043" errors="0" timestamp="2024-02-27T11:42:40 IST" skipped="0">
  <testcase classname="Axis.a.AnnotationsEg" name="testcase4" time="0.007"/>
  <system-out/>
  <testcase classname="Axis.a.AnnotationsEg" name="testcase1" time="0.016"/>
  <system-out/>
  <testcase classname="Axis.a.AnnotationsEg" name="testcase2" time="0.012"/>
  <system-out/>
  <testcase classname="Axis.a.AnnotationsEg" name="testcase3" time="0.008"/>
  <system-out/>
</testsuite> <!-- Axis.a.AnnotationsEg -->
