<?xml version="1.0" encoding="UTF-8"?>
<!-- Generated by org.testng.reporters.JUnitReportReporter -->
<testsuite hostname="DIKSHANT" failures="0" tests="4" name="Axis.a.Grouping_testcase" time="0.022" errors="0" timestamp="2024-02-27T11:39:22 IST" skipped="0">
  <testcase classname="Axis.a.Grouping_testcase" name="products" time="0.002"/>
  <system-out/>
  <testcase classname="Axis.a.Grouping_testcase" name="AddTocart" time="0.016"/>
  <system-out/>
  <testcase classname="Axis.a.Grouping_testcase" name="PaymentGetway" time="0.002"/>
  <system-out/>
  <testcase classname="Axis.a.Grouping_testcase" name="Login" time="0.002"/>
  <system-out/>
</testsuite> <!-- Axis.a.Grouping_testcase -->
