<?xml version="1.0" encoding="UTF-8"?>
<!-- Generated by org.testng.reporters.JUnitReportReporter -->
<testsuite hostname="DIKSHANT" failures="0" tests="3" name="Axis.a.priority" time="0.169" errors="0" timestamp="2024-02-27T09:51:08 IST" skipped="0">
  <testcase classname="Axis.a.priority" name="testcase1" time="0.065"/>
  <system-out/>
  <testcase classname="Axis.a.priority" name="testcase2" time="0.097"/>
  <system-out/>
  <testcase classname="Axis.a.priority" name="testcase3" time="0.007"/>
  <system-out/>
</testsuite> <!-- Axis.a.priority -->
