<?xml version="1.0" encoding="UTF-8"?>
<!-- Generated by org.testng.reporters.JUnitReportReporter -->
<testsuite hostname="DIKSHANT" failures="0" tests="2" name="Axis.a.Parelell_execution" time="41.978" errors="0" timestamp="2024-02-27T11:40:48 IST" skipped="0">
  <testcase classname="Axis.a.Parelell_execution" name="invokeedge" time="24.617"/>
  <system-out/>
  <testcase classname="Axis.a.Parelell_execution" name="invokechrome" time="17.361"/>
  <system-out/>
</testsuite> <!-- Axis.a.Parelell_execution -->
