<?xml version="1.0" encoding="UTF-8"?>
<!-- Generated by org.testng.reporters.JUnitReportReporter -->
<testsuite hostname="DIKSHANT" failures="0" tests="2" name="Axis.a.Parelell_execution" time="40.377" errors="0" timestamp="2024-02-28T11:32:22 IST" skipped="0">
  <testcase classname="Axis.a.Parelell_execution" name="invokeedge" time="21.761"/>
  <system-out/>
  <testcase classname="Axis.a.Parelell_execution" name="invokechrome" time="18.616"/>
  <system-out/>
</testsuite> <!-- Axis.a.Parelell_execution -->
