<?xml version="1.0" encoding="UTF-8"?>
<!-- Generated by org.testng.reporters.JUnitReportReporter -->
<testsuite hostname="DIKSHANT" failures="0" tests="1" name="Axis.a.InvokeChromeBrowser" time="18.321" errors="0" timestamp="2024-02-28T11:20:14 IST" skipped="0">
  <testcase classname="Axis.a.InvokeChromeBrowser" name="invokechrome" time="18.321"/>
  <system-out/>
</testsuite> <!-- Axis.a.InvokeChromeBrowser -->
