<?xml version="1.0" encoding="UTF-8"?>
<!-- Generated by org.testng.reporters.JUnitReportReporter -->
<testsuite hostname="DIKSHANT" failures="0" tests="3" name="Axis.a.priority" time="0.008" errors="0" timestamp="2024-02-28T11:34:37 IST" skipped="0">
  <testcase classname="Axis.a.priority" name="testcase2" time="0.000"/>
  <system-out/>
  <testcase classname="Axis.a.priority" name="testcase1" time="0.007"/>
  <system-out/>
  <testcase classname="Axis.a.priority" name="testcase3" time="0.001"/>
  <system-out/>
</testsuite> <!-- Axis.a.priority -->
